n8n-editor-ui:build: cache hit, replaying output [2mbb4f0d2ef48f307e[0m
[33mn8n-editor-ui:build: [0m
[33mn8n-editor-ui:build: [0m> n8n-editor-ui@0.159.4 build
[33mn8n-editor-ui:build: [0m> cross-env VUE_APP_PUBLIC_PATH="/%BASE_PATH%/" vue-cli-service build
[33mn8n-editor-ui:build: [0m
[33mn8n-editor-ui:build: [0m
[33mn8n-editor-ui:build: [0m-  Building for production...
[33mn8n-editor-ui:build: [0mStarting type checking and linting service...
[33mn8n-editor-ui:build: [0mUsing 1 worker with 2048MB memory limit
[33mn8n-editor-ui:build: [0m WARNING  Compiled with 2 warnings08:56:16
[33mn8n-editor-ui:build: [0m
[33mn8n-editor-ui:build: [0m warning  
[33mn8n-editor-ui:build: [0m
[33mn8n-editor-ui:build: [0masset size limit: The following asset(s) exceed the recommended size limit (244 KiB).
[33mn8n-editor-ui:build: [0mThis can impact web performance.
[33mn8n-editor-ui:build: [0mAssets: 
[33mn8n-editor-ui:build: [0m  json.worker.js (260 KiB)
[33mn8n-editor-ui:build: [0m  ts.worker.js (4.51 MiB)
[33mn8n-editor-ui:build: [0m  js/app.171dc9d3.js (801 KiB)
[33mn8n-editor-ui:build: [0m  css/chunk-vendors.0d9ea7ec.css (363 KiB)
[33mn8n-editor-ui:build: [0m  js/chunk-vendors.a2ae67fe.js (4.98 MiB)
[33mn8n-editor-ui:build: [0m  static/quickstart_thumbnail.png (389 KiB)
[33mn8n-editor-ui:build: [0m
[33mn8n-editor-ui:build: [0m warning  
[33mn8n-editor-ui:build: [0m
[33mn8n-editor-ui:build: [0mentrypoint size limit: The following entrypoint(s) combined asset size exceeds the recommended limit (244 KiB). This can impact web performance.
[33mn8n-editor-ui:build: [0mEntrypoints:
[33mn8n-editor-ui:build: [0m  app (6.23 MiB)
[33mn8n-editor-ui:build: [0m      css/chunk-vendors.0d9ea7ec.css
[33mn8n-editor-ui:build: [0m      js/chunk-vendors.a2ae67fe.js
[33mn8n-editor-ui:build: [0m      css/app.e5062baa.css
[33mn8n-editor-ui:build: [0m      js/app.171dc9d3.js
[33mn8n-editor-ui:build: [0m
[33mn8n-editor-ui:build: [0m
[33mn8n-editor-ui:build: [0mWebpack Bundle Analyzer saved report to /Users/Anian/dev/n8n/packages/editor-ui/dist/report.html
[33mn8n-editor-ui:build: [0m  File                                   Size              Gzipped
[33mn8n-editor-ui:build: [0m
[33mn8n-editor-ui:build: [0m  dist/js/chunk-vendors.a2ae67fe.js      5104.16 KiB       1348.55 KiB
[33mn8n-editor-ui:build: [0m  dist/ts.worker.js                      4622.17 KiB       1037.68 KiB
[33mn8n-editor-ui:build: [0m  dist/js/app.171dc9d3.js                801.13 KiB        201.29 KiB
[33mn8n-editor-ui:build: [0m  dist/json.worker.js                    260.45 KiB        78.30 KiB
[33mn8n-editor-ui:build: [0m  dist/editor.worker.js                  135.16 KiB        44.64 KiB
[33mn8n-editor-ui:build: [0m  dist/js/chunk-2d0b325a.75271eb0.js     36.89 KiB         9.71 KiB
[33mn8n-editor-ui:build: [0m  dist/js/chunk-2d22d3e6.d14ffd31.js     28.91 KiB         7.23 KiB
[33mn8n-editor-ui:build: [0m  dist/js/chunk-da232adc.3e2187e6.js     5.93 KiB          2.11 KiB
[33mn8n-editor-ui:build: [0m  dist/js/chunk-2d2073c1.44215119.js     5.00 KiB          1.97 KiB
[33mn8n-editor-ui:build: [0m  dist/css/chunk-vendors.0d9ea7ec.css    363.39 KiB        53.33 KiB
[33mn8n-editor-ui:build: [0m  dist/css/app.e5062baa.css              113.79 KiB        20.02 KiB
[33mn8n-editor-ui:build: [0m
[33mn8n-editor-ui:build: [0m  Images and other types of assets omitted.
[33mn8n-editor-ui:build: [0m
[33mn8n-editor-ui:build: [0m DONE  Build complete. The dist directory is ready to be deployed.
[33mn8n-editor-ui:build: [0m INFO  Check out deployment instructions at https://cli.vuejs.org/guide/deployment.html
[33mn8n-editor-ui:build: [0m      
